<?xml version="1.0" encoding="UTF-8"?>
<!-- Generated by org.testng.reporters.JUnitReportReporter -->
<testsuite hostname="LAPTOP-OP2OS5B6" failures="0" tests="1" name="scripts.TC2" time="4.414" errors="0" timestamp="2024-07-04T22:39:50 IST" skipped="0">
  <testcase classname="scripts.TC2" name="test2" time="4.414"/>
  <system-out/>
</testsuite> <!-- scripts.TC2 -->
