<?xml version="1.0" encoding="UTF-8"?>
<!-- Generated by org.testng.reporters.JUnitReportReporter -->
<testsuite hostname="LAPTOP-OP2OS5B6" failures="0" tests="1" name="scripts.TC1" time="12.106" errors="0" timestamp="2024-07-08T08:37:37 IST" skipped="0">
  <testcase classname="scripts.TC1" name="test1" time="12.106"/>
  <system-out/>
</testsuite> <!-- scripts.TC1 -->
