<?xml version="1.0" encoding="UTF-8"?>
<!-- Generated by org.testng.reporters.JUnitReportReporter -->
<testsuite hostname="LAPTOP-OP2OS5B6" failures="0" tests="1" name="scripts.ValidLogin" time="6.094" errors="0" timestamp="2024-07-10T07:49:22 IST" skipped="0">
  <testcase classname="scripts.ValidLogin" name="testValidLogin" time="6.094"/>
  <system-out>
    <![CDATA[Homepage is displayed]]>
  </system-out>
</testsuite> <!-- scripts.ValidLogin -->
